CA,None,None,None,None,None,,|BP,199|temps,29.10,18.36|imu,0.7393821834000001,2.5088744961000002,9.4337031005,0.006108652381980153,-0.0035124751196385882,-0.0007635815477475192
CA,-1.6531,53.42,0.0,0.00,7.0756,,|BP,199|temps,25.68,18.85|imu,0.7250252478,2.5016960283,9.4420779796,0.006414085001079161,-0.003665191429188092,0.0
CA,None,None,None,None,None,,|BP,199|temps,29.10,18.36|imu,0.729810893,2.5028924396,9.4420779796,0.006261368691529657,-0.004123340357836604,-0.0004581489286485115
CA,None,None,None,None,None,,|BP,199|temps,48.63,17.87|imu,0.7310073043,2.5076780847999998,9.4325066892,0.006414085001079161,-0.0035124751196385882,-0.0007635815477475192
CA,-1.6531,53.42,0.0,0.00,7.0756,,|BP,199|temps,38.38,18.36|imu,0.7226324252,2.5088744961000002,9.4360959231,0.006108652381980153,-0.0035124751196385882,-0.0007635815477475192
CA,None,None,None,None,None,,|BP,199|temps,30.08,19.34|imu,0.729810893,2.5052852621999997,9.439685157,0.006872233929727673,-0.0033597588100890844,-0.0003054326190990077
CA,-1.6531,53.42,0.0,0.00,7.0756,,|BP,199|temps,28.13,18.36|imu,0.7310073043,2.5088744961000002,9.4420779796,0.006108652381980153,-0.003665191429188092,-0.001069014166846527
CA,-1.6531,53.42,0.0,0.00,7.0756,,|BP,199|temps,27.15,19.34|imu,0.7310073043,2.5052852621999997,9.4420779796,0.006719517620178169,-0.003665191429188092,-0.0003054326190990077
CA,None,None,None,None,None,,|BP,199|temps,26.17,18.85|imu,0.7166503687,2.5052852621999997,9.4468636248,0.005955936072430649,-0.003665191429188092,-0.0003054326190990077
CA,-1.6531,53.42,0.0,0.00,7.0756,,|BP,199|temps,25.20,18.85|imu,0.7334001269,2.4921247379,9.4408815683,0.006566801310628665,-0.003817907738737596,-0.00015271630954950385
CA,None,None,None,None,None,,|BP,199|temps,24.22,17.87|imu,0.7238288365000001,2.5136601413,9.4492564474,0.005803219762881146,-0.0032070425005395805,-0.00015271630954950385
CA,-1.6531,53.42,0.0,0.00,7.0756,,|BP,199|temps,21.78,18.36|imu,0.7250252478,2.5148565526000004,9.4408815683,0.006108652381980153,-0.0033597588100890844,0.0
CA,None,None,None,None,None,,|BP,199|temps,21.78,20.31|imu,0.71784678,2.5028924396,9.438488745699999,0.006108652381980153,-0.0030543261909900766,-0.0006108652381980154
CA,-1.6531,53.42,0.0,0.00,7.0756,,|BP,199|temps,31.54,19.34|imu,0.7226324252,2.5052852621999997,9.443274390900001,0.006719517620178169,-0.0032070425005395805,-0.0003054326190990077
CA,None,None,None,None,None,,|BP,199|temps,22.75,18.85|imu,0.7369893608,2.5148565526000004,9.4420779796,0.005650503453331642,-0.003665191429188092,-0.0003054326190990077
CA,-1.6531,53.42,0.0,0.00,7.0756,,|BP,200|temps,21.29,19.34|imu,0.7286144817,2.5016960283,9.439685157,0.006261368691529657,-0.0033597588100890844,0.0003054326190990077
CA,-1.6531,53.42,0.0,0.00,7.0756,,|BP,199|temps,20.80,21.29|imu,0.7238288365000001,2.500499617,9.4348995118,0.006261368691529657,-0.003665191429188092,-0.0004581489286485115
CA,None,None,None,None,None,,|BP,199|temps,24.22,21.78|imu,0.7286144817,2.4993032057,9.4456672135,0.005955936072430649,-0.0035124751196385882,-0.0003054326190990077
CA,-1.6531,53.42,0.0,0.00,7.0756,,|BP,199|temps,33.50,20.80|imu,0.7369893608,2.51246373,9.4337031005,0.006566801310628665,-0.0032070425005395805,0.0
CA,None,None,None,None,None,,|BP,199|temps,22.75,22.75|imu,0.7310073043,2.5076780847999998,9.4420779796,0.006414085001079161,-0.003665191429188092,-0.0006108652381980154
CA,-1.6531,53.42,0.0,0.00,7.0756,,|BP,199|temps,24.22,22.27|imu,0.7322037156,2.5064816735,9.438488745699999,0.006566801310628665,-0.0033597588100890844,-0.0003054326190990077
CA,None,None,None,None,None,,|BP,199|temps,23.73,22.75|imu,0.7345965382,2.5028924396,9.4372923344,0.006566801310628665,-0.0035124751196385882,-0.00015271630954950385
CA,-1.6531,53.42,0.0,0.00,7.0756,,|BP,200|temps,35.45,20.31|imu,0.7238288365000001,2.5040888509,9.4372923344,0.006108652381980153,-0.0035124751196385882,-0.0003054326190990077
CA,None,None,None,None,None,,|BP,199|temps,36.91,18.85|imu,0.7322037156,2.5016960283,9.4408815683,0.006872233929727673,-0.003665191429188092,-0.0006108652381980154
CA,-1.6531,53.42,0.0,0.00,7.0756,,|BP,199|temps,35.45,16.41|imu,0.7286144817,2.4981067944,9.438488745699999,0.006108652381980153,-0.003665191429188092,0.00015271630954950385
CA,-1.6531,53.42,0.0,0.00,7.0756,,|BP,199|temps,25.20,17.87|imu,0.7310073043,2.5016960283,9.4313102779,0.005803219762881146,-0.0035124751196385882,-0.0003054326190990077
CA,None,None,None,None,None,,|BP,199|temps,24.71,18.36|imu,0.7286144817,2.5076780847999998,9.4372923344,0.006719517620178169,-0.0039706240482871,0.0003054326190990077
CA,-1.6531,53.42,0.0,0.00,7.0756,,|BP,200|temps,33.50,17.38|imu,0.7262216591,2.5172493752,9.4420779796,0.006566801310628665,-0.0032070425005395805,-0.0003054326190990077
CA,None,None,None,None,None,,|BP,200|temps,32.52,16.41|imu,0.7214360139,2.5088744961000002,9.439685157,0.006566801310628665,-0.004276056667386108,-0.000916297857297023
CA,-1.6531,53.42,0.0,0.00,7.0756,,|BP,199|temps,32.03,16.41|imu,0.729810893,2.5040888509,9.4325066892,0.006414085001079161,-0.0035124751196385882,-0.0004581489286485115
CA,None,None,None,None,None,,|BP,199|temps,21.29,18.36|imu,0.7262216591,2.5100709074,9.4360959231,0.006108652381980153,-0.003665191429188092,-0.0006108652381980154
CA,-1.6531,53.42,0.0,0.00,7.0756,,|BP,200|temps,32.52,17.87|imu,0.7357929495000001,2.5064816735,9.4408815683,0.006719517620178169,-0.0033597588100890844,-0.0003054326190990077
CA,None,None,None,None,None,,|BP,199|temps,32.52,15.92|imu,0.7322037156,2.5100709074,9.439685157,0.006414085001079161,-0.0035124751196385882,-0.0003054326190990077
CA,-1.6531,53.42,0.0,0.00,7.0756,,|BP,200|temps,30.57,15.43|imu,0.7334001269,2.51246373,9.4456672135,0.006566801310628665,-0.0035124751196385882,0.0003054326190990077
CA,-1.6531,53.42,0.0,0.00,7.0756,,|BP,199|temps,32.03,16.41|imu,0.7310073043,2.5052852621999997,9.4360959231,0.006261368691529657,-0.003665191429188092,0.00015271630954950385
CA,None,None,None,None,None,,|BP,200|temps,22.27,18.36|imu,0.741775006,2.5136601413,9.4325066892,0.006261368691529657,-0.003665191429188092,-0.0003054326190990077
CA,-1.6531,53.42,0.0,0.00,7.0756,,|BP,199|temps,33.50,15.92|imu,0.7357929495000001,2.5244278430000002,9.4420779796,0.006414085001079161,-0.0032070425005395805,-0.0006108652381980154
CA,None,None,None,None,None,,|BP,199|temps,32.52,15.92|imu,0.7310073043,2.5100709074,9.439685157,0.006261368691529657,-0.003817907738737596,-0.0006108652381980154
CA,-1.6531,53.42,0.0,0.00,7.0756,,|BP,199|temps,32.52,19.82|imu,0.7369893608,2.5100709074,9.439685157,0.006108652381980153,-0.003817907738737596,-0.000916297857297023
CA,None,None,None,None,None,,|BP,199|temps,31.05,18.36|imu,0.7322037156,2.500499617,9.439685157,0.006261368691529657,-0.0039706240482871,-0.0004581489286485115
CA,-1.6531,53.42,0.0,0.00,7.0756,,|BP,199|temps,27.15,19.82|imu,0.7322037156,2.5064816735,9.4348995118,0.006566801310628665,-0.0035124751196385882,0.0
CA,None,None,None,None,None,,|BP,199|temps,-1.66,20.31|imu,0.7190431913,2.5052852621999997,9.438488745699999,0.006566801310628665,-0.003665191429188092,-0.0004581489286485115
CA,-1.6531,53.42,0.0,0.00,7.0756,,|BP,199|temps,43.75,18.36|imu,0.7238288365000001,2.4969103831,9.4360959231,0.006108652381980153,-0.0035124751196385882,-0.0004581489286485115
CA,-1.6531,53.42,0.0,0.00,7.0756,,|BP,199|temps,-6.00,18.36|imu,0.7357929495000001,2.5136601413,9.4456672135,0.006414085001079161,-0.0033597588100890844,-0.0003054326190990077
CA,None,None,None,None,None,,|BP,199|temps,78.42,18.36|imu,0.7202396026000001,2.5028924396,9.4408815683,0.006108652381980153,-0.0035124751196385882,-0.00015271630954950385
CA,-1.6531,53.42,0.0,0.00,7.0756,,|BP,199|temps,51.07,18.36|imu,0.7226324252,2.5064816735,9.4420779796,0.006261368691529657,-0.003665191429188092,-0.0004581489286485115
CA,None,None,None,None,None,,|BP,200|temps,54.49,17.87|imu,0.7286144817,2.5076780847999998,9.4444708022,0.005955936072430649,-0.0039706240482871,0.0
CA,-1.6531,53.42,0.0,0.00,7.0756,,|BP,199|temps,46.19,17.87|imu,0.729810893,2.5148565526000004,9.4337031005,0.006414085001079161,-0.003817907738737596,-0.0004581489286485115
CA,None,None,None,None,None,,|BP,199|temps,41.31,17.38|imu,0.7357929495000001,2.5028924396,9.4372923344,0.006108652381980153,-0.0035124751196385882,-0.0003054326190990077
CA,-1.6531,53.42,0.0,0.00,7.0756,,|BP,199|temps,21.78,18.85|imu,0.71784678,2.5100709074,9.4372923344,0.006261368691529657,-0.0039706240482871,-0.0003054326190990077
CA,None,None,None,None,None,,|BP,199|temps,-33.89,19.34|imu,0.7310073043,2.5052852621999997,9.4372923344,0.005497787143782138,-0.003665191429188092,0.00015271630954950385
CA,-1.6531,53.42,0.0,0.00,7.0756,,|BP,199|temps,39.36,18.36|imu,0.729810893,2.5052852621999997,9.4348995118,0.006414085001079161,-0.004276056667386108,-0.000916297857297023
CA,-1.6531,53.42,0.0,0.00,7.0756,,|BP,199|temps,-6.00,20.31|imu,0.7262216591,2.5028924396,9.4372923344,0.006414085001079161,-0.003817907738737596,0.0
CA,None,None,None,None,None,,|BP,199|temps,79.39,18.85|imu,0.7262216591,2.5148565526000004,9.4325066892,0.006261368691529657,-0.0030543261909900766,0.0003054326190990077
CA,-1.6531,53.42,0.0,0.00,7.0756,,|BP,199|temps,54.00,22.27|imu,0.7286144817,2.5088744961000002,9.439685157,0.005955936072430649,-0.0035124751196385882,0.00015271630954950385
CA,None,None,None,None,None,,|BP,200|temps,46.19,19.82|imu,0.7357929495000001,2.5088744961000002,9.439685157,0.006108652381980153,-0.003817907738737596,0.0
CA,-1.6531,53.42,0.0,0.00,7.0756,,|BP,199|temps,40.33,16.41|imu,0.7369893608,2.5064816735,9.4337031005,0.006108652381980153,-0.0039706240482871,0.00015271630954950385
CA,None,None,None,None,None,,|BP,199|temps,37.40,17.87|imu,0.7262216591,2.5076780847999998,9.4360959231,0.006566801310628665,-0.003665191429188092,-0.0004581489286485115
CA,-1.6531,53.42,0.0,0.00,7.0756,,|BP,199|temps,32.03,20.80|imu,0.7202396026000001,2.5148565526000004,9.4420779796,0.005650503453331642,-0.0033597588100890844,0.0
CA,None,None,None,None,None,,|BP,199|temps,30.08,21.29|imu,0.7310073043,2.5064816735,9.4372923344,0.006414085001079161,-0.0030543261909900766,-0.0004581489286485115
CA,-1.6531,53.42,0.0,0.00,7.0756,,|BP,199|temps,28.61,20.80|imu,0.7286144817,2.5076780847999998,9.4468636248,0.006261368691529657,-0.0035124751196385882,-0.0003054326190990077
CA,-1.6531,53.42,0.0,0.00,7.0756,,|BP,199|temps,26.66,21.29|imu,0.7214360139,2.5028924396,9.4420779796,0.006108652381980153,-0.0032070425005395805,0.0
CA,None,None,None,None,None,,|BP,199|temps,25.68,21.78|imu,0.7310073043,2.5052852621999997,9.4456672135,0.006261368691529657,-0.004276056667386108,0.0003054326190990077
CA,-1.6531,53.42,0.0,0.00,7.0756,,|BP,199|temps,25.68,21.78|imu,0.7357929495000001,2.5016960283,9.439685157,0.006414085001079161,-0.0035124751196385882,-0.0003054326190990077
CA,None,None,None,None,None,,|BP,199|temps,22.75,22.75|imu,0.7238288365000001,2.5028924396,9.439685157,0.006414085001079161,-0.0035124751196385882,-0.0004581489286485115
CA,-1.6531,53.42,0.0,0.00,7.0756,,|BP,199|temps,7.62,22.75|imu,0.7369893608,2.51246373,9.4325066892,0.006566801310628665,-0.0039706240482871,-0.0003054326190990077
CA,None,None,None,None,None,,|BP,199|temps,-8.98,21.29|imu,0.7286144817,2.5100709074,9.4301138666,0.006719517620178169,-0.0035124751196385882,0.00015271630954950385
CA,-1.6531,53.42,0.0,0.00,7.0756,,|BP,199|temps,-5.00,19.82|imu,0.7250252478,2.5136601413,9.4372923344,0.005955936072430649,-0.003665191429188092,-0.0004581489286485115
CA,None,None,None,None,None,,|BP,200|temps,64.75,19.82|imu,0.7477570625,2.4933211492,9.439685157,0.006566801310628665,-0.003665191429188092,-0.0006108652381980154
CA,-1.6531,53.42,0.0,0.00,7.0756,,|BP,199|temps,-6.00,19.82|imu,0.7274180704000001,2.5076780847999998,9.4313102779,0.005955936072430649,-0.0032070425005395805,-0.0006108652381980154
CA,-1.6531,53.42,0.0,0.00,7.0756,,|BP,200|temps,-6.00,21.78|imu,0.7286144817,2.51246373,9.438488745699999,0.006108652381980153,-0.003665191429188092,0.0003054326190990077
CA,None,None,None,None,None,,|BP,199|temps,73.05,21.78|imu,0.7310073043,2.5088744961000002,9.4337031005,0.006261368691529657,-0.003665191429188092,-0.0004581489286485115
CA,-1.6531,53.42,0.0,0.00,7.0756,,|BP,199|temps,63.77,20.31|imu,0.7381857721,2.5088744961000002,9.439685157,0.006414085001079161,-0.003817907738737596,-0.0003054326190990077
CA,None,None,None,None,None,,|BP,199|temps,51.56,20.80|imu,0.7238288365000001,2.5112673187,9.4348995118,0.005650503453331642,-0.004123340357836604,-0.0003054326190990077
CA,-1.6531,53.42,0.0,0.00,7.0756,,|BP,199|temps,48.63,19.82|imu,0.7334001269,2.4981067944,9.439685157,0.006261368691529657,-0.0033597588100890844,-0.00015271630954950385
CA,None,None,None,None,None,,|BP,199|temps,37.89,20.31|imu,0.7250252478,2.5028924396,9.4480600361,0.006261368691529657,-0.002901609881440573,-0.0004581489286485115
CA,-1.6531,53.42,0.0,0.00,7.0756,,|BP,199|temps,41.80,19.82|imu,0.741775006,2.4969103831,9.4337031005,0.005955936072430649,-0.003817907738737596,-0.0003054326190990077
CA,None,None,None,None,None,,|BP,199|temps,38.38,20.31|imu,0.7322037156,2.5148565526000004,9.4360959231,0.006261368691529657,-0.003665191429188092,-0.0004581489286485115
CA,-1.6531,53.42,0.0,0.00,7.0756,,|BP,199|temps,36.91,20.80|imu,0.7310073043,2.5160529638999996,9.4444708022,0.005803219762881146,-0.003817907738737596,-0.0003054326190990077
CA,-1.6531,53.42,0.0,0.00,7.0756,,|BP,199|temps,33.01,20.31|imu,0.7238288365000001,2.5112673187,9.4372923344,0.005955936072430649,-0.003665191429188092,-0.00015271630954950385
CA,None,None,None,None,None,,|BP,199|temps,17.87,21.29|imu,0.741775006,2.5040888509,9.439685157,0.005345070834232635,-0.0033597588100890844,-0.0006108652381980154
CA,-1.6531,53.42,0.0,0.00,7.0756,,|BP,199|temps,30.57,19.82|imu,0.7286144817,2.5028924396,9.4408815683,0.006566801310628665,-0.003817907738737596,0.0003054326190990077
CA,None,None,None,None,None,,|BP,199|temps,42.77,20.80|imu,0.7393821834000001,2.5088744961000002,9.4360959231,0.005955936072430649,-0.0039706240482871,-0.0012217304763960308
CA,-1.6531,53.42,0.0,0.00,7.0756,,|BP,200|temps,46.68,20.31|imu,0.9355936366,2.5830519966999996,9.4193461649,0.004886921905584123,0.003817907738737596,0.011911872144861299
CA,None,None,None,None,None,,|BP,199|temps,41.80,19.82|imu,0.8219345630999999,2.5136601413,9.4337031005,0.005955936072430649,-0.0032070425005395805,-0.0006108652381980154
CA,-1.6531,53.42,0.0,0.00,7.0756,,|BP,199|temps,34.47,19.34|imu,0.6795616184,2.4969103831,9.4372923344,0.005955936072430649,-0.0013744467859455344,-0.0004581489286485115
CA,None,None,None,None,None,,|BP,199|temps,43.75,18.85|imu,0.6125625856,2.5543381254999997,9.4588277378,0.006566801310628665,-0.006261368691529657,-0.0006108652381980154
CA,-1.6531,53.42,0.0,0.00,7.0756,,|BP,199|temps,41.31,18.85|imu,0.7190431913,2.4466611085,9.464809794299999,0.009621127501618741,0.00839939702522271,0.000916297857297023
CA,-1.6531,53.42,0.0,0.00,7.0756,,|BP,199|temps,40.33,18.85|imu,0.35772697870000003,2.5986053435999996,9.3738825355,0.011911872144861299,0.008857545953871221,-0.0022907446432425577
CA,None,None,None,None,None,,|BP,199|temps,37.89,19.34|imu,-0.3852444386,2.7553352239,9.247062937699999,-0.005345070834232635,-0.038179077387375956,0.012522737383059314
CA,-1.6531,53.42,0.0,0.00,7.0756,,|BP,199|temps,34.96,20.31|imu,1.2610175101999999,2.2480568327,9.4265246327,0.022602013813326566,0.047342055960346185,-0.037720928458727446
CA,None,None,None,None,None,,|BP,199|temps,37.89,20.80|imu,-0.0263210486,2.8498517166,9.2542414055,0.09621127501618743,-0.1359175154990584,-0.0033597588100890844
CA,-1.6531,53.42,0.0,0.00,7.0756,,|BP,199|temps,39.84,20.80|imu,0.39122649509999996,3.2650064377,9.0257268472,0.1881464933649887,-0.1345430687131129,-0.04337143191205909
CA,None,None,None,None,None,,|BP,199|temps,38.38,20.80|imu,1.9489540077,4.42672181,8.5208412786,0.0681114740590787,0.17791450062517197,0.035430183815484885
CA,-1.6531,53.42,0.0,0.00,7.0756,,|BP,200|temps,35.94,20.80|imu,0.3158525832,4.7449672158,8.6333039408,0.002138028333693054,-0.32696561874548774,-0.025198191075668133
CA,None,None,None,None,None,,|BP,199|temps,39.36,21.29|imu,0.801595571,4.402793583999999,9.3152583818,0.0007635815477475192,0.0007635815477475192,-0.009773843811168246
CA,-1.6531,53.42,0.0,0.00,7.0756,,|BP,199|temps,37.40,20.31|imu,0.7130611348,4.3178483817,8.673981925,0.006108652381980153,-0.004276056667386108,-0.008552113334772215
CA,-1.6531,53.42,0.0,0.00,7.0756,,|BP,199|temps,35.45,20.31|imu,0.7166503687,4.3250268494999995,8.6225362391,0.00916297857297023,-0.0032070425005395805,0.0012217304763960308
CA,None,None,None,None,None,,|BP,199|temps,33.98,20.31|imu,0.8865407733,4.3932222936,8.7661055951,0.00916297857297023,0.02306016274197508,-0.0039706240482871
CA,-1.6531,53.42,0.0,0.00,7.0756,,|BP,199|temps,25.68,20.31|imu,0.6412764568,4.2903309218,8.7505522482,0.0004581489286485115,-0.03940080786377199,-0.011759155835311794
CA,None,None,None,None,None,,|BP,199|temps,31.05,20.31|imu,0.7357929495000001,4.2017964856,8.7625163612,0.006872233929727673,-0.040011673101970006,-0.009621127501618741
CA,-1.6531,53.42,0.0,0.00,7.0756,,|BP,199|temps,33.50,20.31|imu,0.6161518195,4.2364924133,8.8929251929,0.010231992739816757,-0.03527746750593539,0.007330382858376184
CA,None,None,None,None,None,,|BP,199|temps,42.77,20.80|imu,0.7680960546,4.2891345105,8.6751783363,0.008552113334772215,-0.016493361431346415,-0.0024434609527920616
CA,-1.6531,53.42,0.0,0.00,7.0756,,|BP,199|temps,21.78,19.34|imu,0.8889335959,4.3369909625,8.6835532154,0.00717766654882668,-0.0079412480965742,0.0
CA,None,None,None,None,None,,|BP,199|temps,22.27,18.36|imu,0.9427721043999999,4.3058842687,8.7014993849,0.006566801310628665,-0.004581489286485115,-0.0007635815477475192
CA,-1.6531,53.42,0.0,0.00,7.0756,,|BP,199|temps,40.33,20.31|imu,0.9918249677,4.3178483817,8.707481441399999,0.005803219762881146,-0.0035124751196385882,0.0004581489286485115
CA,-1.6531,53.42,0.0,0.00,7.0756,,|BP,199|temps,32.52,20.31|imu,0.969093153,4.2939201557,8.6931245058,0.006108652381980153,-0.005955936072430649,-0.0007635815477475192
CA,None,None,None,None,None,,|BP,200|temps,33.50,20.31|imu,0.9260223462,4.3082770913,8.708677852700001,0.0070249502392771765,-0.00717766654882668,-0.0003054326190990077
CA,-1.6531,53.42,0.0,0.00,7.0756,,|BP,199|temps,26.17,19.82|imu,1.1629117836,4.3453658416,8.695517328400001,0.004276056667386108,-0.01038470904936626,-0.0030543261909900766
CA,None,None,None,None,None,,|BP,199|temps,27.15,19.82|imu,0.9020941202,4.414757697,8.7433737804,0.011606439525762293,0.00717766654882668,-0.002901609881440573
CA,-1.6531,53.42,0.0,0.00,7.0756,,|BP,200|temps,35.94,20.31|imu,1.052841944,4.4303110439,8.7110706753,0.008246680715673207,0.00839939702522271,-0.003665191429188092
CA,None,None,None,None,None,,|BP,199|temps,33.98,20.31|imu,1.2023933565,4.1611185014,8.697910151,0.009468411192069237,0.0024434609527920616,-0.003665191429188092
CA,-1.6531,53.42,0.0,0.00,7.0756,,|BP,199|temps,23.24,21.29|imu,0.9583254512999999,4.2867416879,8.6847496267,0.006261368691529657,-0.004123340357836604,0.0007635815477475192
CA,-1.6531,53.42,0.|BP,199|temps,22.27,20.31|imu,0.7908278692999999,4.2484565263,8.6333039408,0.006566801310628665,-0.0022907446432425577,0.0003054326190990077
CA,0,0.00,7.0756,,|BP,199|temps,24.22,20.31|imu,1.0001998468,4.3633120111,8.7158563205,0.005955936072430649,-0.004123340357836604,0.0003054326190990077
CA,-1.6531,53.42,0.0,0.00,7.0756,,|BP,199|temps,25.20,20.31|imu,0.9762716208,4.3046878574,8.7242311996,0.006261368691529657,-0.007635815477475192,0.0006108652381980154
CA,None,None,None,None,None,,|BP,199|temps,25.68,19.34|imu,1.1114660977,4.2568314054,8.7194455544,0.008704829644321718,-0.00992656012071775,0.00519235452468313
CA,-1.6531,53.42,0.0,0.00,7.0756,,|BP,199|temps,31.05,20.31|imu,1.0755737587,4.3680976563,8.6572321668,0.0039706240482871,-0.0024434609527920616,0.002901609881440573
CA,None,None,None,None,None,,|BP,199|temps,34.96,20.31|imu,1.0133603711,4.3860438258,8.673981925,0.006566801310628665,-0.002748893571891069,0.0007635815477475192
CA,-1.6531,53.42,0.0,0.00,7.0756,,|BP,199|temps,22.75,19.82|imu,1.0851450490999999,4.4793639072,8.6727855137,0.005497787143782138,-0.006719517620178169,0.0003054326190990077
CA,None,None,None,None,None,,|BP,199|temps,25.20,20.31|imu,0.9631110964999999,4.3573299546,8.6847496267,0.005955936072430649,-0.003665191429188092,-0.0013744467859455344
CA,-1.6531,53.42,0.0,0.00,7.0756,,|BP,199|temps,18.36,20.31|imu,0.9595218625999999,4.3238304382,8.7062850301,0.005955936072430649,-0.004123340357836604,0.0003054326190990077
