CA,None,None,None,None,None,,|BP,199|temps,28.61,19.34|imu,0.9942177902999999,4.3369909625,8.6931245058,0.005955936072430649,-0.0039706240482871,0.0
CA,-1.6531,53.42,0.0,0.00,7.0756,,|BP,199|temps,31.05,18.85|imu,0.9966106129000001,4.3405801963999995,8.694320917099999,0.006566801310628665,-0.0035124751196385882,-0.0007635815477475192
CA,None,None,None,None,None,,|BP,199|temps,28.61,19.34|imu,0.9846464999,4.3334017286,8.6991065623,0.005955936072430649,-0.004123340357836604,-0.0007635815477475192
CA,None,None,None,None,None,,|BP,199|temps,50.59,20.31|imu,0.9786644433999999,4.3393837851,8.697910151,0.006108652381980153,-0.0030543261909900766,-0.00015271630954950385
CA,-1.6531,53.42,0.0,0.00,7.0756,,|BP,199|temps,40.82,19.34|imu,0.9762716208,4.3250268494999995,8.6931245058,0.006414085001079161,-0.0035124751196385882,-0.0007635815477475192
CA,None,None,None,None,None,,|BP,199|temps,39.84,19.34|imu,0.9822536772999999,4.3417766077,8.694320917099999,0.006261368691529657,-0.003665191429188092,-0.00015271630954950385
CA,-1.6531,53.42,0.0,0.00,7.0756,,|BP,199|temps,27.15,18.85|imu,0.9798608547,4.3381873738,8.7003029736,0.006108652381980153,-0.002748893571891069,-0.0004581489286485115
CA,None,None,None,None,None,,|BP,199|temps,24.71,17.87|imu,0.9882357338,4.3393837851,8.6871424493,0.005803219762881146,-0.003665191429188092,-0.0003054326190990077
CA,-1.6531,53.42,0.0,0.00,7.0756,,|BP,200|temps,25.20,18.36|imu,0.9750752094999999,4.3369909625,8.695517328400001,0.00717766654882668,-0.003817907738737596,0.00015271630954950385
CA,None,None,None,None,None,,|BP,199|temps,36.91,17.38|imu,0.981057266,4.331008906,8.6895352719,0.005497787143782138,-0.0033597588100890844,-0.0004581489286485115
CA,-1.6531,53.42,0.0,0.00,7.0756,,|BP,199|temps,26.66,17.38|imu,0.9870393224999999,4.3286160834,8.695517328400001,0.006108652381980153,-0.0039706240482871,-0.00015271630954950385
CA,None,None,None,None,None,,|BP,199|temps,25.68,18.36|imu,0.9942177902999999,4.3393837851,8.6919280945,0.006566801310628665,-0.0035124751196385882,-0.0003054326190990077
CA,-1.6531,53.42,0.0,0.00,7.0756,,|BP,199|temps,25.68,17.87|imu,0.9822536772999999,4.3393837851,8.6931245058,0.005650503453331642,-0.003817907738737596,-0.0006108652381980154
CA,-1.6531,53.41,0.0,0.00,7.0756,,|BP,199|temps,33.50,17.87|imu,0.9535398061,4.331008906,8.6931245058,0.006261368691529657,-0.0033597588100890844,0.0
CA,None,None,None,None,None,,|BP,199|temps,33.01,17.87|imu,0.9918249677,4.353740720699999,8.694320917099999,0.006414085001079161,-0.004123340357836604,0.00015271630954950385
CA,-1.6531,53.42,0.0,0.00,7.0756,,|BP,199|temps,23.73,17.38|imu,0.9678967417,4.3357945512,8.6895352719,0.006566801310628665,-0.004123340357836604,0.0
CA,None,None,None,None,None,,|BP,199|temps,23.24,17.38|imu,0.9667003303999999,4.3334017286,8.6991065623,0.006566801310628665,-0.0032070425005395805,0.0
CA,-1.6531,53.42,0.0,0.00,7.0756,,|BP,199|temps,23.73,18.36|imu,0.9738787981999999,4.3381873738,8.6835532154,0.006108652381980153,-0.003817907738737596,-0.0007635815477475192
CA,None,None,None,None,None,,|BP,199|temps,24.22,18.36|imu,1.0001998468,4.342973019,8.7014993849,0.006566801310628665,-0.004276056667386108,-0.000916297857297023
CA,-1.6531,53.42,0.0,0.00,7.0756,,|BP,199|temps,22.27,17.87|imu,0.9978070242,4.3322053173,8.6835532154,0.005345070834232635,-0.0033597588100890844,-0.00015271630954950385
CA,None,None,None,None,None,,|BP,199|temps,22.75,19.34|imu,1.0707881135,4.2999022122,8.7003029736,0.005650503453331642,-0.004276056667386108,-0.0007635815477475192
CA,-1.6531,53.42,0.0,0.00,7.0756,,|BP,199|temps,22.75,19.34|imu,0.9008977089,4.3334017286,8.6907316832,0.006414085001079161,-0.0022907446432425577,0.0
CA,-1.6531,53.42,0.0,0.00,7.0756,,|BP,199|temps,22.75,19.82|imu,0.9882357338,4.331008906,8.685946038,0.00519235452468313,-0.004428772976935611,-0.0004581489286485115
CA,None,None,None,None,None,,|BP,199|temps,22.75,19.34|imu,0.9834500885999999,4.342973019,8.697910151,0.006261368691529657,-0.004123340357836604,0.0003054326190990077
CA,-1.6531,53.42,0.0,0.00,7.0756,,|BP,199|temps,33.50,19.34|imu,0.9702895642999999,4.3369909625,8.6919280945,0.006566801310628665,-0.0035124751196385882,-0.0012217304763960308
CA,None,None,None,None,None,,|BP,199|temps,33.50,18.85|imu,0.9786644433999999,4.3441694303,8.6967137397,0.006414085001079161,-0.003817907738737596,-0.0003054326190990077
CA,-1.6531,53.42,0.0,0.00,7.0756,,|BP,199|temps,21.29,18.85|imu,0.9846464999,4.3345981399,8.695517328400001,0.005955936072430649,-0.003817907738737596,0.0004581489286485115
CA,None,None,None,None,None,,|BP,199|temps,24.71,18.36|imu,0.9906285563999999,4.3322053173,8.6895352719,0.006108652381980153,-0.0035124751196385882,-0.00015271630954950385
CA,-1.6531,53.42,0.0,0.00,7.0756,,|BP,199|temps,33.50,18.36|imu,0.9726823869,4.3369909625,8.6967137397,0.005955936072430649,-0.0033597588100890844,-0.0007635815477475192
CA,None,None,None,None,None,,|BP,199|temps,33.98,18.85|imu,0.9894321450999999,4.3345981399,8.7014993849,0.006261368691529657,-0.0032070425005395805,0.0006108652381980154
CA,-1.6531,53.42,0.0,0.00,7.0756,,|BP,199|temps,32.03,18.85|imu,0.9966106129000001,4.342973019,8.694320917099999,0.006414085001079161,-0.0032070425005395805,0.0
CA,-1.6531,53.42,0.0,0.00,7.0756,,|BP,199|temps,23.24,18.85|imu,0.9798608547,4.3286160834,8.685946038,0.006108652381980153,-0.003817907738737596,0.00015271630954950385
CA,None,None,None,None,None,,|BP,199|temps,21.29,19.34|imu,0.9822536772999999,4.3369909625,8.6991065623,0.006108652381980153,-0.003665191429188092,-0.0003054326190990077
CA,-1.6531,53.42,0.0,0.00,7.0756,,|BP,200|temps,33.01,18.85|imu,0.9858429111999999,4.3322053173,8.7014993849,0.005803219762881146,-0.0035124751196385882,-0.0003054326190990077
CA,None,None,None,None,None,,|BP,200|temps,33.01,18.85|imu,0.9906285563999999,4.3381873738,8.695517328400001,0.006414085001079161,-0.003817907738737596,-0.0007635815477475192
CA,-1.6531,53.42,0.0,0.00,7.0756,,|BP,199|temps,33.50,18.85|imu,0.9607182739,4.3226340269,8.6931245058,0.006414085001079161,-0.003665191429188092,-0.0007635815477475192
CA,None,None,None,None,None,,|BP,199|temps,22.27,19.34|imu,0.933200814,4.3322053173,8.6991065623,0.005955936072430649,-0.004123340357836604,-0.0004581489286485115
CA,-1.6531,53.41,0.0,0.00,7.0756,,|BP,199|temps,33.50,18.85|imu,0.9631110964999999,4.3274196721000004,8.697910151,0.005955936072430649,-0.0035124751196385882,0.0004581489286485115
CA,-1.6531,53.41,0.0|BP,199|temps,34.47,18.36|imu,0.9750752094999999,4.347758664200001,8.6883388606,0.005955936072430649,-0.003665191429188092,0.0003054326190990077
CA,,0.00,7.0756,,|BP,199|temps,33.98,18.36|imu,0.9702895642999999,4.347758664200001,8.6967137397,0.006414085001079161,-0.0035124751196385882,-0.0004581489286485115
CA,-1.6531,53.42,0.0,0.00,7.0756,,|BP,199|temps,33.50,18.36|imu,0.9990034355,4.342973019,8.7038922075,0.005955936072430649,-0.004123340357836604,-0.0004581489286485115
CA,None,None,None,None,None,,|BP,199|temps,33.50,18.85|imu,0.9762716208,4.3226340269,8.695517328400001,0.006108652381980153,-0.0030543261909900766,0.0
CA,-1.6531,53.42,0.0,0.00,7.0756,,|BP,199|temps,22.75,18.36|imu,0.9798608547,4.3381873738,8.695517328400001,0.006108652381980153,-0.004428772976935611,0.0
CA,None,None,None,None,None,,|BP,199|temps,23.73,18.36|imu,1.0037890807,4.3166519704,8.697910151,0.006108652381980153,-0.0030543261909900766,-0.0004581489286485115
CA,-1.6531,53.42,0.0,0.00,7.0756,,|BP,199|temps,33.01,18.36|imu,0.9822536772999999,4.331008906,8.6835532154,0.006414085001079161,-0.0033597588100890844,0.0
CA,None,None,None,None,None,,|BP,199|temps,32.52,18.36|imu,0.9595218625999999,4.3274196721000004,8.7050886188,0.006261368691529657,-0.0035124751196385882,0.00015271630954950385
CA,-1.6531,53.42,0.0,0.00,7.0756,,|BP,200|temps,32.52,18.85|imu,0.9798608547,4.3405801963999995,8.697910151,0.005955936072430649,-0.003817907738737596,-0.0003054326190990077
CA,-1.6531,53.42,0.0,0.00,7.0756,,|BP,199|temps,33.01,18.85|imu,0.9930213789999999,4.3645084224,8.6787675702,0.006719517620178169,-0.004428772976935611,0.0007635815477475192
CA,None,None,None,None,None,,|BP,199|temps,33.50,18.85|imu,0.9858429111999999,4.3262232608,8.697910151,0.006566801310628665,-0.0033597588100890844,-0.0003054326190990077
CA,-1.6531,53.42,0.0,0.00,7.0756,,|BP,200|temps,33.98,18.36|imu,1.0193424276,4.3489550755,8.6847496267,0.005955936072430649,-0.003665191429188092,-0.00015271630954950385
CA,None,None,None,None,None,,|BP,199|temps,33.98,18.85|imu,1.0037890807,4.3453658416,8.6799639815,0.006414085001079161,-0.0032070425005395805,0.0
CA,-1.6531,53.42,0.0,0.00,7.0756,,|BP,199|temps,33.01,18.85|imu,0.9714859755999999,4.3369909625,8.6883388606,0.006566801310628665,-0.004428772976935611,-0.0006108652381980154
CA,None,None,None,None,None,,|BP,199|temps,33.50,18.85|imu,0.969093153,4.3286160834,8.695517328400001,0.006108652381980153,-0.0033597588100890844,0.0
CA,-1.6531,53.42,0.0,0.00,7.0756,,|BP,199|temps,33.50,18.85|imu,0.9906285563999999,4.3381873738,8.6991065623,0.005955936072430649,-0.0035124751196385882,0.0
CA,None,None,None,None,None,,|BP,200|temps,34.96,18.85|imu,1.0061819033000001,4.3322053173,8.6919280945,0.006566801310628665,-0.0032070425005395805,0.0
CA,-1.6531,53.42,0.0,0.00,7.0756,,|BP,199|temps,33.98,18.85|imu,0.981057266,4.342973019,8.6895352719,0.006108652381980153,-0.004428772976935611,-0.0004581489286485115
CA,-1.6531,53.42,0.0,0.00,7.0756,,|BP,199|temps,34.47,18.85|imu,0.9762716208,4.3357945512,8.7003029736,0.006108652381980153,-0.0033597588100890844,0.0003054326190990077
CA,None,None,None,None,None,,|BP,199|temps,33.50,18.85|imu,0.9882357338,4.3369909625,8.697910151,0.006414085001079161,-0.0039706240482871,0.0
CA,-1.6531,53.42,0.0,0.00,7.0756,,|BP,199|temps,24.22,18.85|imu,0.9643075078,4.3298124947,8.694320917099999,0.005955936072430649,-0.005039638215133627,-0.00015271630954950385
CA,None,None,None,None,None,,|BP,199|temps,24.71,18.85|imu,0.9631110964999999,4.3357945512,8.6883388606,0.005803219762881146,-0.0033597588100890844,-0.0006108652381980154
CA,-1.6531,53.42,0.0,0.00,7.0756,,|BP,199|temps,32.03,19.82|imu,1.0133603711,4.353740720699999,8.6919280945,0.005650503453331642,-0.0039706240482871,-0.00015271630954950385
CA,None,None,None,None,None,,|BP,199|temps,33.01,19.34|imu,1.0013962581,4.3238304382,8.6931245058,0.006414085001079161,-0.003665191429188092,-0.0003054326190990077
CA,-1.6531,53.42,0.0,0.00,7.0756,,|BP,199|temps,22.27,19.82|imu,0.9906285563999999,4.3250268494999995,8.695517328400001,0.006261368691529657,-0.003817907738737596,-0.0003054326190990077
CA,None,None,None,None,None,,|BP,199|temps,21.78,19.82|imu,0.9798608547,4.3369909625,8.694320917099999,0.005497787143782138,-0.004123340357836604,-0.0006108652381980154
CA,-1.6531,53.42,0.0,0.00,7.0756,,|BP,200|temps,22.27,19.34|imu,0.9487541609,4.3345981399,8.694320917099999,0.006414085001079161,-0.0030543261909900766,0.00015271630954950385
CA,-1.6531,53.42,0.0,0.00,7.0756,,|BP,201|temps,23.24,19.82|imu,0.9846464999,4.3322053173,8.6871424493,0.006108652381980153,-0.003665191429188092,-0.0007635815477475192
CA,None,None,None,None,None,,|BP,199|temps,33.98,18.85|imu,0.9774680320999999,4.3334017286,8.6883388606,0.006872233929727673,-0.0035124751196385882,-0.0004581489286485115
CA,-1.6531,53.42,0.0,0.00,7.0756,,|BP,199|temps,23.24,19.34|imu,1.0277173067,4.3262232608,8.6871424493,0.005955936072430649,-0.0033597588100890844,-0.000916297857297023
CA,None,None,None,None,None,,|BP,199|temps,23.24,19.82|imu,1.0133603711,4.3357945512,8.694320917099999,0.005803219762881146,-0.003665191429188092,-0.00015271630954950385
CA,-1.6531,53.42,0.0,0.00,7.0756,,|BP,199|temps,23.24,20.31|imu,0.969093153,4.3525443094,8.6931245058,0.005803219762881146,-0.003665191429188092,0.0
CA,None,None,None,None,None,,|BP,200|temps,24.71,19.82|imu,1.0145567824000001,4.3178483817,8.7038922075,0.005650503453331642,-0.0013744467859455344,0.0003054326190990077
CA,-1.6531,53.42,0.0,0.00,7.0756,,|BP,199|temps,24.22,19.82|imu,1.0683952909,4.3884366484,8.7421773691,0.00519235452468313,-0.0039706240482871,-0.0006108652381980154
CA,None,None,None,None,None,,|BP,199|temps,25.68,18.85|imu,0.9248259349,4.366901245,8.707481441399999,0.005803219762881146,-0.0012217304763960308,0.0003054326190990077
CA,-1.6531,53.42,0.0,0.00,7.0756,,|BP,199|temps,24.22,18.36|imu,0.981057266,4.3322053173,8.709874264,0.006261368691529657,-0.004276056667386108,-0.0006108652381980154
CA,-1.6531,53.42,0.0,0.00,7.0756,,|BP,199|temps,24.71,18.36|imu,1.0217352502000001,4.3381873738,8.6931245058,0.006719517620178169,-0.002901609881440573,-0.0004581489286485115
CA,None,None,None,None,None,,|BP,199|temps,25.20,18.36|imu,0.9308079913999999,4.3274196721000004,8.6799639815,0.005955936072430649,-0.0032070425005395805,-0.00015271630954950385
CA,-1.6531,53.42,0.0,0.00,7.0756,,|BP,199|temps,33.01,18.36|imu,0.9631110964999999,4.3453658416,8.6847496267,0.005650503453331642,-0.0039706240482871,0.0004581489286485115
CA,None,None,None,None,None,,|BP,199|temps,20.31,18.36|imu,1.0085747259,4.3393837851,8.7062850301,0.006261368691529657,-0.003665191429188092,-0.001069014166846527
CA,-1.6531,53.42,0.0,0.00,7.0756,,|BP,199|temps,22.27,19.34|imu,1.0372885971,4.3286160834,8.7014993849,0.005803219762881146,-0.002748893571891069,-0.0006108652381980154
CA,None,None,None,None,None,,|BP,199|temps,21.78,18.85|imu,0.9559326287,4.3345981399,8.681160392799999,0.006261368691529657,-0.003817907738737596,-0.00015271630954950385
CA,-1.6531,53.42,0.0,0.00,7.0756,,|BP,199|temps,33.01,18.36|imu,0.9846464999,4.319044793,8.6895352719,0.005497787143782138,-0.0039706240482871,0.0003054326190990077
CA,None,None,None,None,None,,|BP,199|temps,32.03,18.85|imu,0.9822536772999999,4.3345981399,8.694320917099999,0.006414085001079161,-0.002596177262341565,-0.00015271630954950385
CA,-1.6531,53.42,0.0,0.00,7.0756,,|BP,199|temps,20.31,18.85|imu,0.9667003303999999,4.342973019,8.707481441399999,0.006414085001079161,-0.003665191429188092,-0.0003054326190990077
CA,-1.6531,53.42,0.0,0.00,7.0756,,|BP,199|temps,23.24,17.87|imu,0.9990034355,4.347758664200001,8.6871424493,0.006108652381980153,-0.0035124751196385882,0.00015271630954950385
CA,None,None,None,None,None,,|BP,199|temps,24.22,17.87|imu,0.981057266,4.3369909625,8.694320917099999,0.006719517620178169,-0.0033597588100890844,-0.0004581489286485115
CA,-1.6531,53.42,0.0,0.00,7.0756,,|BP,199|temps,33.50,19.34|imu,0.9978070242,4.3417766077,8.7026957962,0.006261368691529657,-0.0033597588100890844,-0.00015271630954950385
CA,None,None,None,None,None,,|BP,199|temps,33.50,19.34|imu,0.9762716208,4.331008906,8.7003029736,0.005803219762881146,-0.002748893571891069,0.00015271630954950385
CA,-1.6531,53.42,0.0,0.00,7.0756,,|BP,199|temps,24.22,19.34|imu,1.0061819033000001,4.342973019,8.7014993849,0.006566801310628665,-0.004123340357836604,-0.0006108652381980154
CA,None,None,None,None,None,,|BP,199|temps,21.78,19.82|imu,0.9834500885999999,4.3417766077,8.694320917099999,0.006414085001079161,-0.0033597588100890844,0.0
CA,-1.6531,53.42,0.0,0.00,7.0756,,|BP,199|temps,33.50,19.34|imu,1.004985492,4.3058842687,8.6931245058,0.006566801310628665,-0.0035124751196385882,-0.0004581489286485115
CA,None,None,None,None,None,,|BP,199|temps,33.98,19.34|imu,0.9882357338,4.3274196721000004,8.695517328400001,0.005803219762881146,-0.003817907738737596,0.0
CA,-1.6531,53.41,0.0,0.00,7.0756,,|BP,199|temps,33.50,19.34|imu,0.9834500885999999,4.3381873738,8.6931245058,0.005803219762881146,-0.003817907738737596,-0.0003054326190990077
CA,-1.6531,53.42,0.0,0.00,7.0756,,|BP,199|temps,33.50,19.34|imu,1.0109675485,4.3597227772,8.6895352719,0.005955936072430649,-0.0030543261909900766,-0.0003054326190990077
CA,None,None,None,None,None,,|BP,199|temps,24.71,19.34|imu,0.9882357338,4.3357945512,8.7014993849,0.006719517620178169,-0.0039706240482871,-0.0004581489286485115
CA,-1.6531,53.41,0.0,0.00,7.0756,,|BP,199|temps,33.98,19.34|imu,0.9846464999,4.3369909625,8.6907316832,0.006261368691529657,-0.003665191429188092,-0.001069014166846527
CA,None,None,None,None,None,,|BP,199|temps,33.98,19.34|imu,0.9990034355,4.342973019,8.6991065623,0.006566801310628665,-0.003665191429188092,0.00015271630954950385
CA,-1.6531,53.42,0.0,0.00,7.0756,,|BP,199|temps,32.52,19.34|imu,0.9655039191,4.3357945512,8.6895352719,0.006719517620178169,-0.003665191429188092,0.0006108652381980154
CA,None,None,None,None,None,,|BP,199|temps,35.94,18.85|imu,1.0133603711,4.3489550755,8.697910151,0.00717766654882668,-0.0039706240482871,0.0003054326190990077
CA,-1.6531,53.41,0.0,0.00,7.0756,,|BP,199|temps,33.50,19.34|imu,0.9846464999,4.3250268494999995,8.6895352719,0.006261368691529657,-0.003817907738737596,0.00015271630954950385
CA,None,None,None,None,None,,|BP,199|temps,34.96,19.34|imu,0.9870393224999999,4.3501514868,8.6919280945,0.005955936072430649,-0.003665191429188092,-0.0003054326190990077
CA,-1.6531,53.42,0.0,0.00,7.0756,,|BP,199|temps,35.45,18.85|imu,0.9655039191,4.353740720699999,8.6883388606,0.0070249502392771765,-0.003665191429188092,0.0
CA,-1.6531,53.41,0.0,0.00,7.0756,,|BP,199|temps,31.54,19.34|imu,0.9906285563999999,4.3405801963999995,8.6895352719,0.005803219762881146,-0.0035124751196385882,0.0007635815477475192
CA,None,None,None,None,None,,|BP,199|temps,32.52,19.34|imu,0.9667003303999999,4.3262232608,8.6895352719,0.005803219762881146,-0.004276056667386108,0.0
CA,-1.6531,53.41,0.0,0.00,7.0756,,|BP,199|temps,24.22,18.36|imu,1.0097711372,4.3525443094,8.694320917099999,0.006261368691529657,-0.002901609881440573,-0.0004581489286485115
CA,None,None,None,None,None,,|BP,199|temps,34.47,19.34|imu,0.9762716208,4.259224228,8.6703926911,0.005650503453331642,-0.0024434609527920616,0.0003054326190990077
CA,-1.6531,53.42,0.0,0.00,7.0756,,|BP,199|temps,34.47,18.85|imu,1.0121639598,4.3286160834,8.681160392799999,0.005497787143782138,-0.003665191429188092,-0.0007635815477475192
CA,None,None,None,None,None,,|BP,199|temps,34.47,19.34|imu,0.9906285563999999,4.331008906,8.685946038,0.006414085001079161,-0.0030543261909900766,-0.00015271630954950385
CA,-1.6531,53.41,0.0,0.00,7.0756,,|BP,199|temps,22.75,20.31|imu,0.9846464999,4.30708068,8.708677852700001,0.006414085001079161,-0.003817907738737596,0.00015271630954950385
CA,None,None,None,None,None,,|BP,199|temps,22.75,19.82|imu,0.9655039191,4.3322053173,8.7062850301,0.006414085001079161,-0.004276056667386108,0.0
CA,-1.6531,53.41,0.0,0.00,7.0756,,|BP,199|temps,33.01,19.82|imu,0.9798608547,4.3357945512,8.6907316832,0.006261368691529657,-0.0035124751196385882,0.0
CA,-1.6531,53.41,0.0,0.00,7.0756,,|BP,199|temps,35.45,19.82|imu,0.9786644433999999,4.347758664200001,8.7122670866,0.006261368691529657,-0.003817907738737596,-0.0006108652381980154
CA,None,None,None,None,None,,|BP,199|temps,33.98,19.82|imu,0.9786644433999999,4.3357945512,8.7014993849,0.006108652381980153,-0.003817907738737596,-0.0006108652381980154
CA,-1.6531,53.42,0.0,0.00,7.0756,,|BP,199|temps,21.78,19.34|imu,0.9762716208,4.3381873738,8.695517328400001,0.006566801310628665,-0.003665191429188092,0.000916297857297023
CA,None,None,None,None,None,,|BP,199|temps,24.71,19.34|imu,0.9870393224999999,4.3250268494999995,8.6991065623,0.005955936072430649,-0.003665191429188092,-0.0006108652381980154
CA,-1.6531,53.41,0.0,0.00,7.0756,,|BP,199|temps,24.71,19.34|imu,0.9379864592,4.3609191885,8.6895352719,0.0070249502392771765,-0.0039706240482871,0.0007635815477475192
CA,None,None,None,None,None,,|BP,199|temps,33.01,19.34|imu,1.0097711372,4.3405801963999995,8.6931245058,0.005955936072430649,-0.004123340357836604,0.00015271630954950385
CA,-1.6531,53.41,0.0,0.00,7.0756,,|BP,199|temps,21.78,20.31|imu,0.9798608547,4.3405801963999995,8.6883388606,0.005803219762881146,-0.0033597588100890844,-0.0006108652381980154
CA,None,None,None,None,None,,|BP,199|temps,24.71,19.82|imu,0.9702895642999999,4.3453658416,8.7003029736,0.005955936072430649,-0.003665191429188092,0.0006108652381980154
CA,-1.6531,53.42,0.0,0.00,7.0756,,|BP,200|temps,25.20,19.34|imu,0.9954142015999999,4.3262232608,8.6823568041,0.006414085001079161,-0.002596177262341565,-0.0004581489286485115
CA,-1.6531,53.42,0.0,0.00,7.0756,,|BP,199|temps,23.24,19.34|imu,1.0001998468,4.3262232608,8.6871424493,0.005650503453331642,-0.0039706240482871,0.001069014166846527
CA,None,None,None,None,None,,|BP,199|temps,32.52,19.82|imu,0.9619146851999999,4.3106699139,8.685946038,0.005803219762881146,-0.0032070425005395805,-0.0004581489286485115
CA,-1.6531,53.41,0.0,0.00,7.0756,,|BP,199|temps,24.22,18.85|imu,0.9762716208,4.3393837851,8.6895352719,0.005955936072430649,-0.0033597588100890844,-0.0004581489286485115
CA,None,None,None,None,None,,|BP,199|temps,22.27,19.82|imu,0.9858429111999999,4.3250268494999995,8.6823568041,0.005955936072430649,-0.003665191429188092,0.0
CA,-1.6531,53.42,0.0,0.00,7.0756,,|BP,199|temps,22.75,19.34|imu,0.9846464999,4.3357945512,8.6847496267,0.006261368691529657,-0.0035124751196385882,0.0
CA,None,None,None,None,None,,|BP,199|temps,23.24,19.34|imu,0.9894321450999999,4.342973019,8.697910151,0.005955936072430649,-0.0039706240482871,-0.0007635815477475192
CA,-1.6531,53.41,0.0,0.00,7.0756,,|BP,199|temps,33.01,18.85|imu,0.9607182739,4.3417766077,8.685946038,0.005803219762881146,-0.003665191429188092,-0.0003054326190990077
CA,None,None,None,None,None,,|BP,200|temps,26.66,18.36|imu,0.9894321450999999,4.3369909625,8.6919280945,0.006261368691529657,-0.003817907738737596,-0.0003054326190990077
CA,-1.6531,53.41,0.0,0.00,7.0756,,|BP,199|temps,25.68,18.36|imu,0.9798608547,4.3393837851,8.697910151,0.006261368691529657,-0.004123340357836604,0.0007635815477475192
CA,-1.6531,53.41,0.0,0.00,7.0756,,|BP,199|temps,24.71,19.34|imu,0.9906285563999999,4.3453658416,8.6907316832,0.006261368691529657,-0.003665191429188092,0.0
CA,None,None,None,None,None,,|BP,199|temps,24.22,18.36|imu,0.9882357338,4.3357945512,8.697910151,0.006872233929727673,-0.004428772976935611,-0.00015271630954950385
CA,-1.6531,53.41,0.0,0.00,7.0756,,|BP,200|temps,34.96,18.85|imu,0.9858429111999999,4.3393837851,8.6967137397,0.006108652381980153,-0.004123340357836604,-0.00015271630954950385
CA,None,None,None,None,None,,|BP,199|temps,32.03,20.31|imu,1.0013962581,4.3357945512,8.6871424493,0.005955936072430649,-0.004428772976935611,-0.0006108652381980154
CA,-1.6531,53.41,0.0,0.00,7.0756,,|BP,199|temps,20.80,19.34|imu,1.0396814197,4.3812581806,8.7026957962,0.005803219762881146,-0.0035124751196385882,0.0007635815477475192
CA,None,None,None,None,None,,|BP,199|temps,21.29,17.38|imu,0.9858429111999999,4.3357945512,8.7003029736,0.006566801310628665,-0.0032070425005395805,0.0
CA,-1.6531,53.41,0.0,0.00,7.0756,,|BP,199|temps,34.96,18.85|imu,0.9774680320999999,4.3369909625,8.6871424493,0.006414085001079161,-0.0030543261909900766,-0.0004581489286485115
CA,None,None,None,None,None,,|BP,199|temps,36.43,18.85|imu,0.9762716208,4.3405801963999995,8.685946038,0.005955936072430649,-0.003817907738737596,-0.0015271630954950383
CA,-1.6531,53.41,0.0,0.00,7.0756,,|BP,199|temps,33.01,18.36|imu,0.9643075078,4.342973019,8.6883388606,0.005955936072430649,-0.0032070425005395805,-0.00015271630954950385
CA,-1.6531,53.42,0.0,0.00,7.0756,,|BP,199|temps,24.22,18.85|imu,0.9930213789999999,4.3226340269,8.695517328400001,0.006261368691529657,-0.0035124751196385882,-0.0003054326190990077
CA,None,None,None,None,None,,|BP,199|temps,23.73,18.36|imu,0.9882357338,4.3465622529,8.6883388606,0.006261368691529657,-0.0035124751196385882,-0.0003054326190990077
CA,-1.6531,53.41,0.0,0.00,7.0756,,|BP,199|temps,33.50,18.85|imu,0.9954142015999999,4.3357945512,8.7014993849,0.006261368691529657,-0.0039706240482871,0.0003054326190990077
CA,None,None,None,None,None,,|BP,199|temps,30.57,19.34|imu,0.9906285563999999,4.3381873738,8.694320917099999,0.006414085001079161,-0.0035124751196385882,0.0
CA,-1.6531,53.41,0.0,0.00,7.0756,,|BP,199|temps,33.01,18.85|imu,0.9930213789999999,4.3357945512,8.697910151,0.006108652381980153,-0.003817907738737596,-0.0006108652381980154
CA,None,None,None,None,None,,|BP,199|temps,33.01,19.34|imu,0.9870393224999999,4.3417766077,8.6883388606,0.005803219762881146,-0.003817907738737596,-0.0003054326190990077
CA,-1.6531,53.41,0.0,0.00,7.0756,,|BP,199|temps,33.01,19.34|imu,0.9870393224999999,4.3345981399,8.6919280945,0.006872233929727673,-0.003817907738737596,0.0
CA,None,None,None,None,None,,|BP,199|temps,33.98,18.85|imu,0.9834500885999999,4.3393837851,8.697910151,0.006414085001079161,-0.0032070425005395805,-0.0004581489286485115
CA,-1.6531,53.41,0.0,0.00,7.0756,,|BP,199|temps,33.98,19.34|imu,0.9942177902999999,4.3334017286,8.695517328400001,0.006414085001079161,-0.003817907738737596,0.0004581489286485115
CA,-1.6531,53.41,0.0,0.00,7.0756,,|BP,199|temps,34.47,18.36|imu,0.9918249677,4.3322053173,8.694320917099999,0.0070249502392771765,-0.003817907738737596,-0.00015271630954950385
CA,None,None,None,None,None,,|BP,199|temps,33.50,17.38|imu,0.9978070242,4.3345981399,8.695517328400001,0.006414085001079161,-0.0030543261909900766,0.0004581489286485115
CA,-1.6531,53.41,0.0,0.00,7.0756,,|BP,199|temps,33.01,17.87|imu,0.981057266,4.3274196721000004,8.6991065623,0.005803219762881146,-0.003817907738737596,-0.0006108652381980154
CA,None,None,None,None,None,,|BP,199|temps,32.03,17.38|imu,0.9930213789999999,4.3369909625,8.6895352719,0.006566801310628665,-0.003817907738737596,0.00015271630954950385
CA,-1.6531,53.42,0.0|BP,199|temps,32.03,18.36|imu,0.9846464999,4.3345981399,8.6907316832,0.005497787143782138,-0.0035124751196385882,-0.00015271630954950385
CA,None,None,None,None,None,,|BP,200|temps,31.05,18.85|imu,0.9858429111999999,4.3334017286,8.697910151,0.006566801310628665,-0.0035124751196385882,-0.0004581489286485115
CA,-1.6531,53.41,0.0,0.00,7.0756,,|BP,199|temps,33.01,17.87|imu,0.9786644433999999,4.3274196721000004,8.6907316832,0.006108652381980153,-0.0033597588100890844,-0.0004581489286485115
CA,-1.6531,53.41,0.0,0.00,7.0756,,|BP,199|temps,32.52,18.36|imu,0.9846464999,4.3334017286,8.6991065623,0.006719517620178169,-0.004123340357836604,-0.0003054326190990077
CA,None,None,None,None,None,,|BP,199|temps,22.75,17.87|imu,0.9822536772999999,4.3405801963999995,8.685946038,0.005650503453331642,-0.003817907738737596,-0.0006108652381980154
CA,-1.6531,53.41,0.0,0.00,7.0756,,|BP,199|temps,32.52,18.36|imu,0.9667003303999999,4.3322053173,8.697910151,0.006108652381980153,-0.0033597588100890844,-0.0006108652381980154
CA,None,None,None,None,None,,|BP,199|temps,32.52,18.85|imu,0.9798608547,4.3393837851,8.6907316832,0.005803219762881146,-0.0032070425005395805,-0.00015271630954950385
CA,-1.6531,53.41,0.0,0.00,7.0756,,|BP,199|temps,32.03,18.36|imu,0.9798608547,4.3357945512,8.6991065623,0.006414085001079161,-0.003665191429188092,0.0
CA,None,None,None,None,None,,|BP,199|temps,24.71,18.85|imu,0.9858429111999999,4.3405801963999995,8.6907316832,0.005803219762881146,-0.0035124751196385882,-0.0004581489286485115
CA,-1.6531,53.41,0.0,0.00,7.0756,,|BP,199|temps,33.01,18.36|imu,0.9918249677,4.3238304382,8.685946038,0.006566801310628665,-0.0035124751196385882,-0.00015271630954950385
CA,None,None,None,None,None,,|BP,199|temps,33.50,18.36|imu,0.9858429111999999,4.3322053173,8.695517328400001,0.006414085001079161,-0.0032070425005395805,0.00015271630954950385
CA,-1.6531,53.41,0.0,0.00,7.0756,,|BP,197|temps,31.54,18.85|imu,0.9798608547,4.331008906,8.6967137397,0.005497787143782138,-0.0039706240482871,0.00015271630954950385
CA,-1.6531,53.41,0.0,0.00,7.0756,,|BP,199|temps,33.01,18.36|imu,0.9858429111999999,4.331008906,8.6931245058,0.006261368691529657,-0.0033597588100890844,0.0
CA,None,None,None,None,None,,|BP,200|temps,22.27,18.85|imu,0.9990034355,4.3357945512,8.7014993849,0.006414085001079161,-0.0035124751196385882,-0.00015271630954950385
CA,-1.6531,53.41,0.0,0.00,7.0756,,|BP,199|temps,33.98,18.85|imu,0.9882357338,4.3334017286,8.6919280945,0.005803219762881146,-0.003665191429188092,-0.0004581489286485115
CA,None,None,None,None,None,,|BP,199|temps,33.01,18.36|imu,0.9822536772999999,4.3322053173,8.6895352719,0.006566801310628665,-0.0033597588100890844,-0.00015271630954950385
CA,-1.6531,53.41,0.0,0.00,7.0756,,|BP,199|temps,33.01,18.36|imu,0.9894321450999999,4.3322053173,8.6919280945,0.006261368691529657,-0.003665191429188092,-0.0004581489286485115
CA,None,None,None,None,None,,|BP,199|temps,33.01,18.36|imu,0.9966106129000001,4.3214376156,8.695517328400001,0.006261368691529657,-0.0035124751196385882,-0.0003054326190990077
CA,-1.6531,53.41,0.0,0.00,7.0756,,|BP,199|temps,32.52,18.36|imu,0.9786644433999999,4.3334017286,8.695517328400001,0.006566801310628665,-0.003817907738737596,-0.0003054326190990077
CA,None,None,None,None,None,,|BP,199|temps,32.52,18.85|imu,0.9798608547,4.3322053173,8.6967137397,0.005955936072430649,-0.003665191429188092,-0.0003054326190990077
CA,-1.6531,53.41,0.0,0.00,7.0756,,|BP,199|temps,32.52,18.85|imu,0.9798608547,4.3345981399,8.6871424493,0.005650503453331642,-0.0033597588100890844,-0.00015271630954950385
CA,-1.6531,53.41,0.0,0.00,7.0756,,|BP,199|temps,32.03,17.38|imu,0.9906285563999999,4.3369909625,8.697910151,0.006108652381980153,-0.003665191429188092,0.0004581489286485115
CA,None,None,None,None,None,,|BP,199|temps,33.01,19.34|imu,0.9834500885999999,4.3381873738,8.6907316832,0.006261368691529657,-0.003817907738737596,-0.0004581489286485115
CA,-1.6531,53.41,0.0,0.00,7.0756,,|BP,199|temps,33.98,19.34|imu,0.9834500885999999,4.3334017286,8.685946038,0.006108652381980153,-0.003665191429188092,-0.0004581489286485115
CA,None,None,None,None,None,,|BP,199|temps,33.01,19.34|imu,0.9954142015999999,4.3345981399,8.6919280945,0.006108652381980153,-0.003665191429188092,0.0
CA,-1.6531,53.41,0.0,0.00,7.0756,,|BP,199|temps,33.01,18.85|imu,0.9834500885999999,4.3322053173,8.6907316832,0.006108652381980153,-0.003665191429188092,0.00015271630954950385
CA,None,None,None,None,None,,|BP,199|temps,33.01,18.85|imu,0.9846464999,4.3334017286,8.6931245058,0.006108652381980153,-0.0035124751196385882,0.0006108652381980154
