CA,None,None,None,None,None,,|BP,199|temps,31.54,15.92|imu,0.65,2.61,9.41,0.01,-0.0,-0.0
CA,0.0000,53.41,0.0,0.00,0.0000,,|BP,200|temps,30.08,16.41|imu,0.65,2.6,9.42,0.01,-0.0,-0.0
CA,None,None,None,None,None,,|BP,199|temps,52.54,15.92|imu,0.64,2.61,9.42,0.01,-0.0,-0.0
CA,None,None,None,None,None,,|BP,199|temps,41.80,15.43|imu,0.65,2.62,9.42,0.01,-0.0,-0.0
CA,0.0000,53.41,0.0,0.00,0.0000,,|BP,199|temps,40.33,14.94|imu,0.64,2.6,9.42,0.01,-0.0,-0.0
CA,0.0000,53.41,0.0,0.00,0.0000,,|BP,200|temps,37.89,14.94|imu,0.64,2.6,9.43,0.01,-0.0,0.0
CA,None,None,None,None,None,,|BP,199|temps,36.91,13.96|imu,0.65,2.6,9.41,0.01,-0.0,-0.0
CA,0.0000,53.41,0.0,0.00,0.0000,,|BP,199|temps,35.45,14.94|imu,0.64,2.61,9.42,0.01,-0.0,-0.0
CA,None,None,None,None,None,,|BP,200|temps,34.96,14.94|imu,0.64,2.61,9.41,0.01,-0.0,-0.0
CA,0.0000,53.41,0.0,0.00,0.0000,,|BP,199|temps,35.45,14.94|imu,0.65,2.6,9.42,0.01,-0.0,-0.0
CA,None,None,None,None,None,,|BP,199|temps,33.50,15.92|imu,0.64,2.61,9.42,0.01,-0.0,-0.0
CA,0.0000,53.41,0.0,0.00,0.0000,,|BP,199|temps,22.75,16.89|imu,0.63,2.6,9.41,0.01,-0.0,-0.0
CA,None,None,None,None,None,,|BP,200|temps,23.24,17.38|imu,0.64,2.61,9.41,0.01,-0.0,-0.0
CA,0.0000,53.41,0.0,0.00,0.0000,,|BP,199|temps,33.01,14.94|imu,0.65,2.6,9.42,0.01,-0.0,-0.0
CA,None,None,None,None,None,,|BP,200|temps,24.22,16.41|imu,0.64,2.61,9.41,0.01,-0.0,-0.0
CA,0.0000,53.41,0.0,0.0|BP,199|temps,22.75,15.43|imu,0.65,2.61,9.41,0.01,-0.0,-0.0
CA,None,None,None,None,None,,|BP,199|temps,33.01,14.45|imu,0.65,2.6,9.42,0.01,-0.0,-0.0
CA,None,None,None,None,None,,|BP,199|temps,22.75,17.87|imu,0.64,2.6,9.42,0.01,-0.0,-0.0
CA,0.0000,53.41,0.0,0.00,0.0000,,|BP,199|temps,23.24,17.87|imu,0.64,2.62,9.42,0.01,-0.0,-0.0
CA,None,None,None,None,None,,|BP,199|temps,30.57,16.41|imu,0.66,2.61,9.41,0.01,-0.0,-0.0
CA,0.0000,53.41,0.0,0.00,0.0000,,|BP,199|temps,32.03,15.43|imu,0.64,2.61,9.41,0.01,-0.0,-0.0
CA,None,None,None,None,None,,|BP,199|temps,21.78,17.38|imu,0.63,2.61,9.41,0.01,-0.0,-0.0
CA,None,None,None,None,None,,|BP,200|temps,22.27,18.36|imu,0.64,2.6,9.41,0.01,-0.0,-0.0
CA,0.0000,53.41,0.0,0.00,0.0000,,|BP,200|temps,32.52,16.41|imu,0.64,2.61,9.41,0.01,-0.0,-0.0
CA,None,None,None,None,None,,|BP,199|temps,23.24,17.87|imu,0.65,2.6,9.4,0.01,-0.0,-0.0
CA,0.0000,53.41,0.0,0.00,0.0000,,|BP,199|temps,22.75,16.89|imu,0.65,2.6,9.4,0.01,-0.0,-0.0
CA,None,None,None,None,None,,|BP,199|temps,33.01,16.41|imu,0.66,2.61,9.39,0.01,-0.0,-0.0
CA,0.0000,53.41,0.0,0.00,0.0000,,|BP,200|temps,28.13,16.41|imu,0.64,2.62,9.39,0.01,-0.0,-0.0
CA,None,None,None,None,None,,|BP,199|temps,23.73,17.38|imu,0.66,2.6,9.38,0.01,-0.0,-0.0
CA,None,None,None,None,None,,|BP,199|temps,22.27,17.87|imu,0.64,2.61,9.39,0.01,-0.0,-0.0
CA,0.0000,53.41,0.0,0.00,0.0000,,|BP,199|temps,32.52,15.43|imu,0.64,2.6,9.39,0.01,-0.0,-0.0
CA,None,None,None,None,None,,|BP,199|temps,22.75,17.87|imu,0.63,2.61,9.39,0.01,-0.0,-0.0
CA,0.0000,53.40,0.0,0.00,0.0000,,|BP,199|temps,24.71,16.89|imu,0.64,2.61,9.4,0.01,-0.0,-0.0
CA,None,None,None,None,None,,|BP,199|temps,33.50,16.41|imu,0.64,2.61,9.39,0.01,-0.0,-0.0
CA,0.0000,53.41,0.0,0.00,0.0000,,|BP,199|temps,32.52,15.92|imu,0.64,2.6,9.38,0.01,-0.0,-0.0
CA,None,None,None,None,None,,|BP,199|temps,23.73,16.89|imu,0.64,2.61,9.38,0.01,-0.0,-0.0
CA,0.0000,53.41,0.0|BP,199|temps,23.73,16.89|imu,0.64,2.61,9.38,0.01,-0.0,-0.0
CA,None,None,None,None,None,,|BP,199|temps,32.03,15.43|imu,0.64,2.6,9.38,0.01,-0.0,-0.0
CA,None,None,None,None,None,,|BP,199|temps,22.75,17.38|imu,0.64,2.6,9.38,0.01,-0.0,-0.0
CA,0.0000,53.41,0.0,0.00,0.0000,,|BP,199|temps,22.27,17.87|imu,0.63,2.61,9.37,0.01,-0.0,-0.0
CA,None,None,None,None,None,,|BP,199|temps,32.52,16.41|imu,0.64,2.62,9.38,0.01,-0.0,-0.0
CA,0.0000,53.41,0.0,0.00,0.0000,,|BP,200|temps,21.78,16.89|imu,0.65,2.6,9.38,0.01,-0.0,-0.0
CA,None,None,None,None,None,,|BP,199|temps,23.24,17.38|imu,0.65,2.61,9.4,0.01,-0.0,-0.0
CA,None,None,None,None,None,,|BP,199|temps,22.75,17.87|imu,0.64,2.61,9.41,0.01,-0.0,-0.0
CA,0.0000,53.41,0.0,0.00,0.0000,,|BP,199|temps,33.50,15.43|imu,0.65,2.61,9.41,0.01,-0.0,-0.0
CA,None,None,None,None,None,,|BP,199|temps,24.71,17.38|imu,0.65,2.62,9.41,0.01,-0.0,-0.0
CA,0.0000,53.41,0.0,0.00,0.0000,,|BP,199|temps,24.71,16.89|imu,0.64,2.61,9.42,0.01,-0.0,-0.0
CA,None,None,None,None,None,,|BP,199|temps,24.22,16.89|imu,0.64,2.61,9.42,0.01,-0.0,-0.0
CA,0.0000,53.41,0.0,0.00,0.0000,,|BP,199|temps,33.01,15.43|imu,0.63,2.61,9.42,0.01,-0.0,-0.0
CA,None,None,None,None,None,,|BP,199|temps,24.22,16.89|imu,0.64,2.6,9.41,0.01,-0.0,-0.0
CA,0.0000,53.41,0.0,0.0|BP,199|temps,22.27,17.38|imu,0.64,2.61,9.42,0.01,-0.0,-0.0
CA,None,None,None,None,None,,|BP,199|temps,32.03,15.92|imu,0.64,2.6,9.43,0.01,-0.0,-0.0
CA,None,None,None,None,None,,|BP,199|temps,23.24,17.87|imu,0.65,2.62,9.42,0.01,-0.0,-0.0
CA,0.0000,53.41,0.0,0.00,0.0000,,|BP,200|temps,22.27,18.36|imu,0.64,2.59,9.43,0.01,-0.0,-0.0
CA,None,None,None,None,None,,|BP,199|temps,32.03,15.92|imu,0.64,2.61,9.43,0.01,-0.0,-0.0
CA,0.0000,53.41,0.0,0.00,0.0000,,|BP,199|temps,32.52,15.92|imu,0.63,2.61,9.42,0.01,-0.0,-0.0
CA,None,None,None,None,None,,|BP,199|temps,23.73,17.87|imu,0.64,2.61,9.42,0.01,-0.0,-0.0
CA,0.0000,53.40,0.0,0.00,0.0000,,|BP,199|temps,23.73,16.89|imu,0.64,2.6,9.43,0.01,-0.0,-0.0
CA,None,None,None,None,None,,|BP,199|temps,31.54,15.92|imu,0.65,2.62,9.42,0.01,-0.0,-0.0
CA,None,None,None,None,None,,|BP,199|temps,32.03,15.43|imu,0.64,2.61,9.43,0.01,-0.0,-0.0
CA,0.0000,53.41,0.0,0.00,0.0000,,|BP,200|temps,23.24,17.38|imu,0.64,2.6,9.42,0.01,-0.0,-0.0
CA,None,None,None,None,None,,|BP,199|temps,21.78,17.87|imu,0.64,2.61,9.42,0.01,-0.0,-0.0
CA,0.0000,53.41,0.0,0.00,0.0000,,|BP,199|temps,32.52,15.92|imu,0.64,2.61,9.42,0.01,-0.0,-0.0
CA,None,None,None,None,None,,|BP,199|temps,21.78,18.36|imu,0.64,2.62,9.41,0.01,-0.0,-0.0
CA,0.0000,53.41,0.0,0.00,0.0000,,|BP,200|temps,23.73,17.87|imu,0.65,2.6,9.42,0.01,-0.0,-0.0
CA,None,None,None,None,None,,|BP,199|temps,32.03,15.92|imu,0.64,2.61,9.42,0.01,-0.0,-0.0
CA,None,None,None,None,None,,|BP,199|temps,33.01,15.92|imu,0.64,2.61,9.42,0.01,-0.0,-0.0
CA,0.0000,53.41,0.0,0.00,0.0000,,|BP,199|temps,23.73,17.38|imu,0.66,2.62,9.43,0.01,-0.0,-0.0
CA,None,None,None,None,None,,|BP,199|temps,23.73,16.89|imu,0.64,2.61,9.42,0.01,-0.0,-0.0
CA,0.0000,53.41,0.0,0.00,0.0000,,|BP,200|temps,32.52,15.92|imu,0.65,2.6,9.43,0.01,-0.0,-0.0
CA,None,None,None,None,None,,|BP,199|temps,30.57,17.38|imu,0.66,2.61,9.42,0.01,-0.0,-0.0
CA,0.0000,53.41,0.0,0.00,0.0000,,|BP,199|temps,23.24,17.38|imu,0.65,2.6,9.42,0.01,-0.0,-0.0
CA,None,None,None,None,None,,|BP,199|temps,21.78,17.87|imu,0.64,2.61,9.42,0.01,-0.0,-0.0
CA,None,None,None,None,None,,|BP,200|temps,32.03,16.41|imu,0.65,2.61,9.42,0.01,-0.0,-0.0
CA,0.0000,53.41,0.0,0.00,0.0000,,|BP,199|temps,22.75,18.85|imu,0.64,2.61,9.43,0.01,-0.0,-0.0
CA,None,None,None,None,None,,|BP,199|temps,22.27,18.36|imu,0.65,2.61,9.41,0.01,-0.0,-0.0
CA,0.0000,53.41,0.0,0.00,0.0000,,|BP,199|temps,32.52,15.92|imu,0.64,2.61,9.42,0.01,-0.0,-0.0
CA,None,None,None,None,None,,|BP,199|temps,32.03,18.36|imu,0.64,2.61,9.43,0.01,-0.0,-0.0
CA,0.0000,53.41,0.0,0.00,0.0000,,|BP,199|temps,22.75,17.87|imu,0.64,2.61,9.42,0.01,-0.0,-0.0
CA,None,None,None,None,None,,|BP,199|temps,24.22,17.87|imu,0.64,2.61,9.41,0.01,-0.0,-0.0
CA,None,None,None,None,None,,|BP,199|temps,33.01,15.92|imu,0.64,2.61,9.42,0.01,-0.0,-0.0
CA,0.0000,53.41,0.0,0.00,0.0000,,|BP,199|temps,24.22,17.38|imu,0.64,2.61,9.41,0.01,-0.0,-0.0
CA,None,None,None,None,None,,|BP,199|temps,24.22,17.38|imu,0.64,2.61,9.42,0.01,-0.0,-0.0
CA,0.0000,53.41,0.0,0.00,0.0000,,|BP,199|temps,24.22,16.89|imu,0.64,2.6,9.4,0.01,-0.0,-0.0
CA,None,None,None,None,None,,|BP,199|temps,31.05,15.92|imu,0.64,2.61,9.41,0.01,-0.0,-0.0
CA,0.0000,53.41,0.0,0.00,0.0000,,|BP,199|temps,24.22,17.87|imu,0.64,2.61,9.41,0.01,-0.0,-0.0
CA,None,None,None,None,None,,|BP,199|temps,22.27,18.36|imu,0.63,2.61,9.41,0.01,-0.0,-0.0
CA,None,None,None,None,None,,|BP,199|temps,33.01,15.92|imu,0.64,2.6,9.41,0.01,-0.0,-0.0
CA,0.0000,53.41,0.0,0.00,0.0000,,|BP,199|temps,32.52,15.92|imu,0.64,2.61,9.4,0.01,-0.0,-0.0
CA,None,None,None,None,None,,|BP,199|temps,22.75,17.87|imu,0.64,2.61,9.39,0.01,-0.0,-0.0
CA,0.0000,53.41,0.0,0.00,0.0000,,|BP,199|temps,23.73,17.38|imu,0.63,2.6,9.4,0.01,-0.0,-0.0
CA,None,None,None,None,None,,|BP,199|temps,32.52,15.43|imu,0.65,2.6,9.4,0.01,-0.0,-0.0
CA,0.0000,53.41,0.0,0.00,0.0000,,|BP,199|temps,30.08,17.38|imu,0.63,2.6,9.41,0.01,-0.0,-0.0
CA,None,None,None,None,None,,|BP,200|temps,20.80,18.36|imu,0.65,2.61,9.41,0.01,-0.0,-0.0
CA,None,None,None,None,None,,|BP,200|temps,22.27,17.87|imu,0.65,2.61,9.41,0.01,-0.0,-0.0
CA,None,None,None,None,None,,|BP,199|temps,31.54,16.41|imu,0.64,2.61,9.43,0.01,-0.0,-0.0
CA,None,None,None,None,None,,|BP,199|temps,22.27,17.87|imu,0.64,2.61,9.41,0.01,-0.0,-0.0
CA,0.0000,53.41,0.0,0.00,0.0000,,|BP,199|temps,21.78,17.87|imu,0.65,2.61,9.41,0.01,-0.0,0.0
CA,None,None,None,None,None,,|BP,200|temps,33.01,15.92|imu,0.64,2.6,9.43,0.01,-0.0,-0.0
CA,0.0000,53.41,0.0|BP,200|temps,22.27,17.87|imu,0.69,2.6,9.42,0.01,-0.0,-0.0
CA,,0.00,0.0000,,|BP,199|temps,24.71,16.41|imu,0.63,2.6,9.41,0.01,-0.0,-0.0
CA,0.0000,53.41,0.0,0.00,0.0000,,|BP,199|temps,33.01,14.94|imu,0.67,2.6,9.42,0.01,-0.0,-0.0
CA,None,None,None,None,None,,|BP,200|temps,23.73,16.41|imu,0.65,2.61,9.42,0.01,-0.0,-0.0
CA,0.0000,53.41,0.0,0.00,0.0000,,|BP,199|temps,24.22,15.43|imu,0.65,2.61,9.42,0.01,-0.0,-0.0
CA,None,None,None,None,None,,|BP,199|temps,24.71,15.92|imu,0.64,2.6,9.42,0.01,-0.0,-0.0
CA,None,None,None,None,None,,|BP,199|temps,31.54,15.43|imu,0.64,2.61,9.42,0.01,-0.0,-0.0
CA,0.0000,53.41,0.0,0.00,0.0000,,|BP,199|temps,22.75,17.87|imu,0.64,2.6,9.42,0.01,-0.0,-0.0
CA,None,None,None,None,None,,|BP,199|temps,22.27,15.43|imu,0.65,2.61,9.42,0.01,-0.0,-0.0
CA,0.0000,53.41,0.0,0.00,0.0000,,|BP,199|temps,32.03,14.45|imu,0.64,2.61,9.43,0.01,-0.0,-0.0
CA,None,None,None,None,None,,|BP,197|temps,21.29,16.89|imu,0.65,2.61,9.43,0.01,-0.0,-0.0
CA,0.0000,53.41,0.0,0.00,0.0000,,|BP,199|temps,22.75,14.94|imu,0.64,2.61,9.42,0.01,-0.0,-0.0
CA,None,None,None,None,None,,|BP,200|temps,22.27,16.89|imu,0.64,2.61,9.41,0.01,-0.0,-0.0
CA,None,None,None,None,None,,|BP,200|temps,33.01,13.48|imu,0.64,2.61,9.42,0.01,-0.0,-0.0
CA,0.0000,53.41,0.0,0.00,0.0000,,|BP,199|temps,23.73,15.92|imu,0.65,2.61,9.42,0.01,-0.0,-0.0
CA,None,None,None,None,None,,|BP,199|temps,24.22,16.41|imu,0.64,2.61,9.43,0.01,-0.0,-0.0
CA,0.0000,53.41,0.0,0.00,0.0000,,|BP,199|temps,32.52,13.96|imu,0.64,2.6,9.41,0.01,-0.0,-0.0
CA,None,None,None,None,None,,|BP,199|temps,29.59,15.43|imu,0.65,2.6,9.43,0.01,-0.0,-0.0
CA,0.0000,53.41,0.0,0.00,0.0000,,|BP,199|temps,22.75,16.89|imu,0.63,2.61,9.4,0.01,-0.0,-0.0
CA,None,None,None,None,None,,|BP,199|temps,20.80,16.89|imu,0.64,2.62,9.38,0.01,-0.0,-0.0
CA,None,None,None,None,None,,|BP,199|temps,31.05,14.94|imu,0.65,2.61,9.4,0.01,-0.0,-0.0
CA,0.0000,53.41,0.0,0.00,0.0000,,|BP,199|temps,21.78,16.41|imu,0.65,2.61,9.39,0.01,-0.0,-0.0
CA,None,None,None,None,None,,|BP,200|temps,21.29,17.38|imu,0.65,2.6,9.4,0.01,-0.0,-0.0
CA,0.0000,53.40,0.0,0.00,0.0000,,|BP,199|temps,31.54,14.45|imu,0.63,2.6,9.4,0.01,-0.0,-0.0
CA,None,None,None,None,None,,|BP,201|temps,31.05,15.43|imu,0.65,2.62,9.41,0.01,-0.0,-0.0
CA,0.0000,53.41,0.0,0.00,0.0000,,|BP,200|temps,20.31,16.89|imu,0.64,2.61,9.4,0.01,-0.0,-0.0
